SF:lib/repositories/home_repository.dart
DA:8,1
DA:10,1
DA:12,1
DA:13,2
DA:14,2
DA:15,1
DA:16,2
DA:19,1
LF:8
LH:8
end_of_record
SF:lib/services/error_report.dart
DA:2,3
DA:4,1
DA:6,1
DA:7,1
DA:10,0
DA:12,1
DA:16,1
DA:17,1
DA:19,0
LF:9
LH:7
end_of_record
SF:lib/dto/home_data_dto.dart
DA:12,1
DA:22,1
DA:23,1
DA:24,1
DA:25,1
DA:26,1
DA:27,1
DA:28,1
DA:29,1
DA:30,5
LF:10
LH:10
end_of_record
SF:lib/ui/home_screen/home_bloc.dart
DA:11,3
DA:12,3
DA:21,1
DA:23,1
DA:24,1
DA:27,0
DA:28,0
DA:29,0
DA:33,1
DA:35,2
DA:36,4
DA:37,1
DA:38,2
DA:39,2
DA:40,2
DA:41,3
DA:42,5
DA:43,1
DA:44,4
DA:47,2
DA:48,3
DA:52,1
DA:54,0
DA:55,0
DA:56,0
DA:57,0
DA:60,1
DA:61,1
DA:62,1
DA:63,2
LF:30
LH:23
end_of_record
SF:lib/ui/home_screen/home_event.dart
DA:27,1
LF:1
LH:1
end_of_record
SF:lib/dto/category_item_dto.dart
DA:5,1
DA:10,1
DA:11,1
DA:12,1
DA:13,1
LF:5
LH:5
end_of_record
SF:lib/dto/discount_dto.dart
DA:4,1
DA:8,1
DA:9,1
DA:10,1
LF:4
LH:4
end_of_record
SF:lib/dto/motel_dto.dart
DA:11,1
DA:20,1
DA:21,1
DA:22,1
DA:23,1
DA:24,1
DA:25,1
DA:26,1
DA:27,5
LF:9
LH:9
end_of_record
SF:lib/dto/item_dto.dart
DA:4,1
DA:8,1
DA:9,1
DA:10,1
LF:4
LH:4
end_of_record
SF:lib/dto/suite_dto.dart
DA:14,1
DA:24,1
DA:25,1
DA:26,1
DA:27,1
DA:28,1
DA:29,4
DA:30,5
DA:31,5
DA:32,5
LF:10
LH:10
end_of_record
SF:lib/dto/period_dto.dart
DA:10,1
DA:18,1
DA:19,1
DA:20,1
DA:21,1
DA:22,1
DA:23,1
DA:24,3
LF:8
LH:8
end_of_record
